producer_class	xtools.gsea.GseaPreranked
producer_timestamp	1585340849604
param	rpt_label	A3_analysis_post
param	rnd_seed	timestamp
param	set_min	15
param	zip_report	false
param	create_svgs	false
param	scoring_scheme	weighted
param	rnk	C:\Users\Joelle\Desktop\student_JoelleJee\data\MBD2KO_post.rnk.txt
param	norm	meandiv
param	out	C:\Users\Joelle\gsea_home\output\mar27
param	mode	Max_probe
param	include_only_symbols	true
param	help	false
param	set_max	200
param	gmx	C:\Users\Joelle\Desktop\student_JoelleJee\Human_GOBP_AllPathways_no_GO_iea_February_01_2020_symbol.gmt.txt
param	make_sets	true
param	plot_top_x	20
param	gui	false
param	nperm	1000
param	collapse	No_Collapse

file	C:\Users\Joelle\gsea_home\output\mar27\A3_analysis_post.GseaPreranked.1585340849604\index.html
